<?xml version="1.0" encoding="UTF-8"?>
<!-- Generated by org.testng.reporters.JUnitXMLReporter -->
<testsuite ignored="0" hostname="Bhagya" failures="3" tests="12" name="Surefire test" time="0.699" errors="0" timestamp="2022-11-22T18:47:57 EST">
  <testcase classname="FirstTestCase" name="login" time="0.002"/>
  <testcase classname="FirstTestCase" name="setup" time="0.002"/>
  <testcase classname="FirstTestCase" name="teardown" time="0.001"/>
  <testcase classname="pomandpagefactory.SimpleTest" name="testMethod" time="0.0"/>
  <testcase classname="retryfailedtcs.Test001" name="Test1" time="0.007">
    <skipped/>
  </testcase> <!-- Test1 -->
  <testcase classname="retryfailedtcs.Test001" name="Test1" time="0.001">
    <skipped/>
  </testcase> <!-- Test1 -->
  <testcase classname="retryfailedtcs.Test001" name="Test1" time="0.001">
    <skipped/>
  </testcase> <!-- Test1 -->
  <testcase classname="retryfailedtcs.Test001" name="Test1" time="0.001">
    <skipped/>
  </testcase> <!-- Test1 -->
  <testcase classname="retryfailedtcs.Test001" name="Test1" time="0.001">
    <failure type="java.lang.AssertionError" message="expected [true] but found [false]">
      <![CDATA[java.lang.AssertionError: expected [true] but found [false]
at retryfailedtcs.Test001.Test1(Test001.java:12)
at java.base/java.util.ArrayList.forEach(ArrayList.java:1541)
... Removed 38 stack frames]]>
    </failure>
  </testcase> <!-- Test1 -->
  <testcase classname="retryfailedtcs.Test001" name="Test2" time="0.0">
    <failure type="java.lang.AssertionError" message="expected [true] but found [false]">
      <![CDATA[java.lang.AssertionError: expected [true] but found [false]
at retryfailedtcs.Test001.Test2(Test001.java:17)
at java.base/java.util.ArrayList.forEach(ArrayList.java:1541)
... Removed 38 stack frames]]>
    </failure>
  </testcase> <!-- Test2 -->
  <testcase classname="TestCases" name="Login" time="0.614">
    <failure type="java.lang.NullPointerException">
      <![CDATA[java.lang.NullPointerException
at TestCases.Login(TestCases.java:19)
at java.base/java.util.ArrayList.forEach(ArrayList.java:1541)
... Removed 32 stack frames]]>
    </failure>
  </testcase> <!-- Login -->
  <testcase classname="TestCases" name="TestToFail" time="0.002"/>
</testsuite> <!-- Surefire test -->
