<?xml version="1.0" encoding="UTF-8"?>
<testsuite xmlns:xsi="http://www.w3.org/2001/XMLSchema-instance" xsi:noNamespaceSchemaLocation="https://maven.apache.org/surefire/maven-surefire-plugin/xsd/surefire-test-report-3.0.xsd" version="3.0" name="FirstTestCase" time="1.009" tests="3" errors="0" skipped="0" failures="0">
  <properties>
[...]
</properties>
  <testcase name="login" classname="FirstTestCase" time="0.04">
    <system-out><![CDATA[Login into browser
]]></system-out>
    <system-err><![CDATA[SLF4J: Failed to load class "org.slf4j.impl.StaticLoggerBinder".
SLF4J: Defaulting to no-operation (NOP) logger implementation
SLF4J: See http://www.slf4j.org/codes.html#StaticLoggerBinder for further details.
]]></system-err>
  </testcase>
  <testcase name="setup" classname="FirstTestCase" time="0">
    <system-out><![CDATA[opening browser
]]></system-out>
  </testcase>
  <testcase name="teardown" classname="FirstTestCase" time="0.004">
    <system-out><![CDATA[closing the browser
]]></system-out>
  </testcase>
</testsuite>