<?xml version="1.0" encoding="UTF-8"?>
<testng-results ignored="2" total="3" passed="1" failed="0" skipped="0">
  <reporter-output>
  </reporter-output>
  <suite started-at="2022-11-11T10:44:12 EST" name="All Test Suite" finished-at="2022-11-11T10:44:12 EST" duration-ms="62">
    <groups>
    </groups>
    <test started-at="2022-11-11T10:44:12 EST" name="C:/Users/Bhagyashree/IdeaProjects/Selenium_October" finished-at="2022-11-11T10:44:12 EST" duration-ms="62">
      <class name="FirstTestCase">
        <test-method signature="login()[pri:0, instance:FirstTestCase@67c33749]" started-at="2022-11-11T10:44:12 EST" name="login" finished-at="2022-11-11T10:44:12 EST" duration-ms="15" status="PASS">
          <reporter-output>
          </reporter-output>
        </test-method> <!-- login -->
      </class> <!-- FirstTestCase -->
    </test> <!-- C:/Users/Bhagyashree/IdeaProjects/Selenium_October -->
  </suite> <!-- All Test Suite -->
</testng-results>
