<?xml version="1.0" encoding="UTF-8"?>
<testng-results skipped="0" failed="0" ignored="0" total="6" passed="6">
  <reporter-output>
  </reporter-output>
  <suite name="All Test Suite" duration-ms="85" started-at="2022-11-11T14:39:48 EST" finished-at="2022-11-11T14:39:48 EST">
    <groups>
      <group name="SmokeTest">
        <method signature="Home_Loan.MobileLoginHomeLoan()[pri:0, instance:Home_Loan@551aa95a]" name="MobileLoginHomeLoan" class="Home_Loan"/>
      </group> <!-- SmokeTest -->
    </groups>
    <test name="C:/Users/Bhagyashree/IdeaProjects/Selenium_October" duration-ms="85" started-at="2022-11-11T14:39:48 EST" finished-at="2022-11-11T14:39:48 EST">
      <class name="Home_Loan">
        <test-method status="PASS" signature="testData()[pri:0, instance:Home_Loan@551aa95a]" name="testData" is-config="true" duration-ms="0" started-at="2022-11-11T14:39:48 EST" finished-at="2022-11-11T14:39:48 EST">
          <reporter-output>
          </reporter-output>
        </test-method> <!-- testData -->
        <test-method status="PASS" signature="APILoginHomeLoan()[pri:0, instance:Home_Loan@551aa95a]" name="APILoginHomeLoan" duration-ms="15" started-at="2022-11-11T14:39:48 EST" finished-at="2022-11-11T14:39:48 EST">
          <reporter-output>
          </reporter-output>
        </test-method> <!-- APILoginHomeLoan -->
        <test-method status="PASS" signature="WebLoginHomeLoan()[pri:0, instance:Home_Loan@551aa95a]" name="WebLoginHomeLoan" duration-ms="0" started-at="2022-11-11T14:39:48 EST" finished-at="2022-11-11T14:39:48 EST">
          <reporter-output>
          </reporter-output>
        </test-method> <!-- WebLoginHomeLoan -->
        <test-method status="PASS" signature="MobileLoginHomeLoan()[pri:0, instance:Home_Loan@551aa95a]" name="MobileLoginHomeLoan" duration-ms="0" started-at="2022-11-11T14:39:48 EST" finished-at="2022-11-11T14:39:48 EST">
          <reporter-output>
          </reporter-output>
        </test-method> <!-- MobileLoginHomeLoan -->
      </class> <!-- Home_Loan -->
      <class name="FirstTestCase">
        <test-method status="PASS" signature="dataPrinterBeforeMethod()[pri:0, instance:FirstTestCase@6321e813]" name="dataPrinterBeforeMethod" is-config="true" duration-ms="16" started-at="2022-11-11T14:39:48 EST" finished-at="2022-11-11T14:39:48 EST">
          <reporter-output>
          </reporter-output>
        </test-method> <!-- dataPrinterBeforeMethod -->
        <test-method status="PASS" signature="dataPrinterBeforeGroup()[pri:0, instance:FirstTestCase@6321e813]" name="dataPrinterBeforeGroup" is-config="true" duration-ms="0" started-at="2022-11-11T14:39:48 EST" finished-at="2022-11-11T14:39:48 EST">
          <reporter-output>
          </reporter-output>
        </test-method> <!-- dataPrinterBeforeGroup -->
        <test-method status="PASS" signature="setup()[pri:0, instance:FirstTestCase@6321e813]" name="setup" duration-ms="0" started-at="2022-11-11T14:39:48 EST" finished-at="2022-11-11T14:39:48 EST">
          <reporter-output>
          </reporter-output>
        </test-method> <!-- setup -->
        <test-method status="PASS" signature="dataPrinterBeforeClass()[pri:0, instance:FirstTestCase@6321e813]" name="dataPrinterBeforeClass" is-config="true" duration-ms="0" started-at="2022-11-11T14:39:48 EST" finished-at="2022-11-11T14:39:48 EST">
          <reporter-output>
          </reporter-output>
        </test-method> <!-- dataPrinterBeforeClass -->
        <test-method status="PASS" signature="teardown()[pri:0, instance:FirstTestCase@6321e813]" name="teardown" duration-ms="0" started-at="2022-11-11T14:39:48 EST" finished-at="2022-11-11T14:39:48 EST">
          <reporter-output>
          </reporter-output>
        </test-method> <!-- teardown -->
        <test-method status="PASS" signature="login()[pri:0, instance:FirstTestCase@6321e813]" name="login" duration-ms="0" started-at="2022-11-11T14:39:48 EST" finished-at="2022-11-11T14:39:48 EST">
          <reporter-output>
          </reporter-output>
        </test-method> <!-- login -->
      </class> <!-- FirstTestCase -->
    </test> <!-- C:/Users/Bhagyashree/IdeaProjects/Selenium_October -->
  </suite> <!-- All Test Suite -->
</testng-results>
