<?xml version="1.0" encoding="UTF-8"?>
<!-- Generated by org.testng.reporters.JUnitXMLReporter -->
<testsuite ignored="3" hostname="Bhagya" failures="0" tests="2" name="Annotations demo" time="0.061" errors="0" timestamp="2022-11-22T18:31:43 EST">
  <testcase classname="GroupingExample" name="test1" time="0.008"/>
  <testcase classname="GroupingExample" name="test2" time="0.0"/>
  <testcase classname="GroupingExample" name="test5" time="0.0">
    <ignored/>
  </testcase> <!-- test5 -->
  <testcase classname="GroupingExample" name="test4" time="0.0">
    <ignored/>
  </testcase> <!-- test4 -->
  <testcase classname="GroupingExample" name="test3" time="0.0">
    <ignored/>
  </testcase> <!-- test3 -->
</testsuite> <!-- Annotations demo -->
