<?xml version="1.0" encoding="UTF-8"?>
<!-- Generated by org.testng.reporters.JUnitXMLReporter -->
<testsuite ignored="0" hostname="Bhagya" failures="0" tests="6" name="First Test Suite" time="0.078" errors="0" timestamp="2022-11-11T16:56:43 EST">
  <testcase classname="Home_Loan" name="aPILoginHomeLoan" time="0.0"/>
  <testcase classname="Home_Loan" name="mobileLoginHomeLoan" time="0.0"/>
  <testcase classname="Home_Loan" name="webLoginHomeLoan" time="0.0"/>
  <testcase classname="FirstTestCase" name="login" time="0.0"/>
  <testcase classname="FirstTestCase" name="setup" time="0.0"/>
  <testcase classname="FirstTestCase" name="teardown" time="0.015"/>
</testsuite> <!-- First Test Suite -->
