<?xml version="1.0" encoding="UTF-8"?>
<!-- Generated by org.testng.reporters.JUnitXMLReporter -->
<testsuite ignored="0" hostname="Bhagya" failures="0" tests="3" name="First Test Suite" time="0.085" errors="0" timestamp="2022-11-14T19:28:07 EST">
  <testcase classname="Home_Loan" name="aPILoginHomeLoan" time="0.006"/>
  <testcase classname="Home_Loan" name="mobileLoginHomeLoan" time="0.005"/>
  <testcase classname="Home_Loan" name="webLoginHomeLoan" time="0.0"/>
</testsuite> <!-- First Test Suite -->
