<?xml version="1.0" encoding="UTF-8"?>
<!-- Generated by org.testng.reporters.JUnitXMLReporter -->
<testsuite hostname="Bhagya" ignored="0" name="log" tests="3" failures="0" timestamp="2022-11-24T19:30:35 EST" time="0.249" errors="0">
  <testcase name="test1" time="0.047" classname="reporterlogandlog4j.GoogleTesting"/>
  <testcase name="test2" time="0.002" classname="reporterlogandlog4j.GoogleTesting"/>
  <testcase name="test3" time="0.0" classname="reporterlogandlog4j.GoogleTesting"/>
</testsuite> <!-- log -->
