<?xml version="1.0" encoding="UTF-8"?>
<!-- Generated by org.testng.reporters.JUnitXMLReporter -->
<testsuite ignored="0" hostname="Bhagya" failures="0" tests="5" name="Second Test Suite" time="0.015" errors="0" timestamp="2022-11-11T16:56:43 EST">
  <testcase classname="RegularExpression" name="WebLoginCarLoan" time="0.0"/>
  <testcase classname="RegularExpression" name="mobileLoginHomeLoan" time="0.0"/>
  <testcase classname="RegularExpression" name="mobileLoginPersonalLoan" time="0.015"/>
  <testcase classname="RegularExpression" name="mobileLoginCarLoan" time="0.0"/>
  <testcase classname="RegularExpression" name="loginAPICarLoan" time="0.0"/>
</testsuite> <!-- Second Test Suite -->
