<?xml version="1.0" encoding="UTF-8"?>
<!-- Generated by org.testng.reporters.JUnitXMLReporter -->
<testsuite ignored="0" hostname="Bhagya" failures="0" tests="6" name="Third Test Suite" time="0.069" errors="0" timestamp="2022-11-14T19:30:14 EST">
  <testcase classname="Personal_Loan" name="aPILoginPersonalLoan" time="0.015"/>
  <testcase classname="Personal_Loan" name="mobileLoginPersonalLoan" time="0.0"/>
  <testcase classname="Personal_Loan" name="webLoginPersonalLoan" time="0.0"/>
  <testcase classname="Car_Loan" name="aPILoginCarLoan" time="0.016"/>
  <testcase classname="Car_Loan" name="mobileLoginCarLoan" time="0.0"/>
  <testcase classname="Car_Loan" name="webLoginCarLoan" time="0.0"/>
</testsuite> <!-- Third Test Suite -->
